Fri Jun 04 08:42:51 BST 2021 : WebsiteMonitor started
Fri Jun 04 08:42:51 BST 2021 : command line argument: test.json
Fri Jun 04 08:43:01 BST 2021 : SUCCESS: https://www.google.com request time: 531 ms
Fri Jun 04 08:43:01 BST 2021 : SUCCESS: https://www.google.com matches regex '<title>Google</title>'
Fri Jun 04 08:43:01 BST 2021 : SUCCESS: https://duckduckgo.com/ request time: 152 ms
Fri Jun 04 08:43:01 BST 2021 : SUCCESS: https://duckduckgo.com/ matches regex 'About DuckDuckGo'
Fri Jun 04 08:43:02 BST 2021 : SUCCESS: https://www.yahoo.com request time: 543 ms
Fri Jun 04 08:43:02 BST 2021 : ERROR: https://www.yahoo.com does not match regex 'Yahoo Not Home'
Fri Jun 04 08:43:02 BST 2021 : ERROR: https://www.dfdffggffg.com connection exception: www.dfdffggffg.com
Fri Jun 04 08:43:12 BST 2021 : SUCCESS: https://www.google.com request time: 108 ms
Fri Jun 04 08:43:12 BST 2021 : SUCCESS: https://www.google.com matches regex '<title>Google</title>'
Fri Jun 04 08:43:12 BST 2021 : SUCCESS: https://duckduckgo.com/ request time: 78 ms
Fri Jun 04 08:43:12 BST 2021 : SUCCESS: https://duckduckgo.com/ matches regex 'About DuckDuckGo'
Fri Jun 04 08:43:13 BST 2021 : SUCCESS: https://www.yahoo.com request time: 573 ms
Fri Jun 04 08:43:13 BST 2021 : ERROR: https://www.yahoo.com does not match regex 'Yahoo Not Home'
Fri Jun 04 08:43:13 BST 2021 : ERROR: https://www.dfdffggffg.com connection exception: www.dfdffggffg.com
Fri Jun 04 08:43:23 BST 2021 : SUCCESS: https://www.google.com request time: 89 ms
Fri Jun 04 08:43:23 BST 2021 : SUCCESS: https://www.google.com matches regex '<title>Google</title>'
Fri Jun 04 08:43:23 BST 2021 : SUCCESS: https://duckduckgo.com/ request time: 76 ms
Fri Jun 04 08:43:23 BST 2021 : SUCCESS: https://duckduckgo.com/ matches regex 'About DuckDuckGo'
Fri Jun 04 08:43:23 BST 2021 : SUCCESS: https://www.yahoo.com request time: 474 ms
Fri Jun 04 08:43:23 BST 2021 : ERROR: https://www.yahoo.com does not match regex 'Yahoo Not Home'
Fri Jun 04 08:43:23 BST 2021 : ERROR: https://www.dfdffggffg.com connection exception: www.dfdffggffg.com
Fri Jun 04 08:43:33 BST 2021 : SUCCESS: https://www.google.com request time: 91 ms
Fri Jun 04 08:43:33 BST 2021 : SUCCESS: https://www.google.com matches regex '<title>Google</title>'
Fri Jun 04 08:43:34 BST 2021 : SUCCESS: https://duckduckgo.com/ request time: 74 ms
Fri Jun 04 08:43:34 BST 2021 : SUCCESS: https://duckduckgo.com/ matches regex 'About DuckDuckGo'
Fri Jun 04 08:43:34 BST 2021 : SUCCESS: https://www.yahoo.com request time: 439 ms
Fri Jun 04 08:43:34 BST 2021 : ERROR: https://www.yahoo.com does not match regex 'Yahoo Not Home'
Fri Jun 04 08:43:34 BST 2021 : ERROR: https://www.dfdffggffg.com connection exception: www.dfdffggffg.com
Fri Jun 04 08:43:44 BST 2021 : SUCCESS: https://www.google.com request time: 86 ms
Fri Jun 04 08:43:44 BST 2021 : SUCCESS: https://www.google.com matches regex '<title>Google</title>'
Fri Jun 04 08:43:44 BST 2021 : SUCCESS: https://duckduckgo.com/ request time: 75 ms
Fri Jun 04 08:43:44 BST 2021 : SUCCESS: https://duckduckgo.com/ matches regex 'About DuckDuckGo'
Fri Jun 04 08:43:45 BST 2021 : SUCCESS: https://www.yahoo.com request time: 471 ms
Fri Jun 04 08:43:45 BST 2021 : ERROR: https://www.yahoo.com does not match regex 'Yahoo Not Home'
Fri Jun 04 08:43:45 BST 2021 : ERROR: https://www.dfdffggffg.com connection exception: www.dfdffggffg.com
Fri Jun 04 08:43:55 BST 2021 : SUCCESS: https://www.google.com request time: 82 ms
Fri Jun 04 08:43:55 BST 2021 : SUCCESS: https://www.google.com matches regex '<title>Google</title>'
Fri Jun 04 08:43:55 BST 2021 : SUCCESS: https://duckduckgo.com/ request time: 77 ms
Fri Jun 04 08:43:55 BST 2021 : SUCCESS: https://duckduckgo.com/ matches regex 'About DuckDuckGo'
Fri Jun 04 08:43:55 BST 2021 : SUCCESS: https://www.yahoo.com request time: 525 ms
Fri Jun 04 08:43:55 BST 2021 : ERROR: https://www.yahoo.com does not match regex 'Yahoo Not Home'
Fri Jun 04 08:43:55 BST 2021 : ERROR: https://www.dfdffggffg.com connection exception: www.dfdffggffg.com
Fri Jun 04 08:44:05 BST 2021 : SUCCESS: https://www.google.com request time: 87 ms
Fri Jun 04 08:44:05 BST 2021 : SUCCESS: https://www.google.com matches regex '<title>Google</title>'
Fri Jun 04 08:44:06 BST 2021 : SUCCESS: https://duckduckgo.com/ request time: 79 ms
Fri Jun 04 08:44:06 BST 2021 : SUCCESS: https://duckduckgo.com/ matches regex 'About DuckDuckGo'
Fri Jun 04 08:44:06 BST 2021 : SUCCESS: https://www.yahoo.com request time: 521 ms
Fri Jun 04 08:44:06 BST 2021 : ERROR: https://www.yahoo.com does not match regex 'Yahoo Not Home'
Fri Jun 04 08:44:06 BST 2021 : ERROR: https://www.dfdffggffg.com connection exception: www.dfdffggffg.com
Fri Jun 04 08:44:16 BST 2021 : SUCCESS: https://www.google.com request time: 90 ms
Fri Jun 04 08:44:16 BST 2021 : SUCCESS: https://www.google.com matches regex '<title>Google</title>'
Fri Jun 04 08:44:16 BST 2021 : SUCCESS: https://duckduckgo.com/ request time: 72 ms
Fri Jun 04 08:44:16 BST 2021 : SUCCESS: https://duckduckgo.com/ matches regex 'About DuckDuckGo'
Fri Jun 04 08:44:17 BST 2021 : SUCCESS: https://www.yahoo.com request time: 473 ms
Fri Jun 04 08:44:17 BST 2021 : ERROR: https://www.yahoo.com does not match regex 'Yahoo Not Home'
Fri Jun 04 08:44:17 BST 2021 : ERROR: https://www.dfdffggffg.com connection exception: www.dfdffggffg.com
